        -:    0:Source:unittest2.c
        -:    0:Graph:unittest2.gcno
        -:    0:Data:unittest2.gcda
        -:    0:Runs:1
        -:    0:Programs:1
        -:    1:/*
        -:    2: * Include the following lines in your makefile:
        -:    3: *
        -:    4: * cardtest1: cardtest1.c dominion.o rngs.o
        -:    5: *      gcc -o cardtest1 -g  cardtest1.c dominion.o rngs.o $(CFLAGS)
        -:    6: */
        -:    7:
        -:    8:/*Code style inspired by cardtest4.c provided on Canvas*/
        -:    9:
        -:   10:
        -:   11:#include "dominion.h"
        -:   12:#include "dominion_helpers.h"
        -:   13:#include <string.h>
        -:   14:#include <stdio.h>
        -:   15:#include <assert.h>
        -:   16:#include "rngs.h"
        -:   17:#include <stdlib.h>
        -:   18:
        -:   19:#define UNITTEST "updateCoins"
        -:   20:
        -:   21:
function main called 1 returned 100% blocks executed 90%
        1:   22:int main() {
        -:   23:
        -:   24:	//print out what card we are testing
        1:   25:	printf("Unit Test: %s \n", UNITTEST);
call    0 returned 100%
        -:   26:
        1:   27:	int i = 0;
        1:   28:	int rSeed = 10; //seed num
        1:   29:	int player = 0; //current player
        1:   30:	int numPlayers = 2; //total players
        1:   31:	int handPos = 0, choice1 = 0, choice2 = 0, choice3 = 0, bonus = 0;
        -:   32:
        -:   33:	struct gameState state, preState; //holds game state
        1:   34:	int k[10] = {adventurer, embargo, village, minion, mine, cutpurse,
        -:   35:		sea_hag, tribute, smithy, council_room}; //cards in game
        -:   36:
        -:   37:	//initialize the game state and player cards
        1:   38:	initializeGame(numPlayers, k, rSeed, &state);
call    0 returned 100%
        1:   39:	memcpy(&preState, &state, sizeof(struct gameState));
        -:   40:
        -:   41:
        -:   42:	/*Pre-adventurer played*/
        -:   43:
        1:   44:	state.hand[player][0] == copper;
        1:   45:	state.hand[player][1] == silver;
        1:   46:	state.hand[player][2] == gold;
        -:   47:
        1:   48:	int result = updateCoins(player, &state, 5);
call    0 returned 100%
        -:   49:
        1:   50:	int coinTotal = state.coins;
        -:   51:
        -:   52:
        -:   53:
        -:   54:	/*Testing*/
        -:   55:
        1:   56:	printf("\nTest 1: Coins properly counted\n");
call    0 returned 100%
        -:   57:
        1:   58:	if (coinTotal == 14){
branch  0 taken 0% (fallthrough)
branch  1 taken 100%
    #####:   59:		printf("PASS: Coins expected: %d, got: %d\n", 14, coinTotal);
call    0 never executed
        -:   60:
        -:   61:	}
        -:   62:	else{
        1:   63:		printf("FAIL: Coins expected: %d, got: %d\n", 14, coinTotal);
call    0 returned 100%
        -:   64:
        -:   65:	}
        -:   66:
        -:   67:
        1:   68:	printf("\n");
call    0 returned 100%
        -:   69:
        1:   70:	return 0;
        -:   71:}
